*** Creating network

*** Adding controller

*** Adding hosts:

h1 
h2 
h3 
r1 

*** Adding switches:

s1 

*** Adding links:

(h1, s1) 
(h2, s1) 
(h3, s1) 
(r1, s1) 


*** Configuring hosts

h1 
h2 
h3 
r1 


*** Starting controller

c0 


*** Starting 1 switches

s1 
...


*** Waiting for switches to connect

s1 


*** Starting CLI:


Interrupt



*** Stopping 1 controllers

c0 


*** Stopping 4 links

.
.
.
.


*** Stopping 1 switches

s1 


*** Stopping 4 hosts

h1 
h2 
h3 
r1 

*** Done

*** Creating network

*** Adding controller

*** Adding hosts:

h1 
h2 
h3 
r1 

*** Adding switches:

s1 

*** Adding links:

(h1, s1) 
(h2, s1) 
(h3, s1) 
(r1, s1) 


*** Configuring hosts

h1 
h2 
h3 
r1 


*** Starting controller

c0 


*** Starting 1 switches

s1 
...


*** Waiting for switches to connect

s1 


*** Starting CLI:


Interrupt



*** Stopping 1 controllers

c0 


*** Stopping 4 links

.
.
.
.


*** Stopping 1 switches

s1 


*** Stopping 4 hosts

h1 
h2 
h3 
r1 

*** Done

*** Creating network

*** Adding controller

*** Adding hosts:

h1 
h2 
h3 
r1 

*** Adding switches:

s1 

*** Adding links:

(h1, s1) 
(h2, s1) 
(h3, s1) 
(r1, s1) 


*** Configuring hosts

h1 
h2 
h3 
r1 


*** Starting controller

c0 


*** Starting 1 switches

s1 
...


*** Waiting for switches to connect

s1 


*** Starting CLI:


Interrupt



*** Stopping 1 controllers

c0 


*** Stopping 4 links

.
.
.
.


*** Stopping 1 switches

s1 


*** Stopping 4 hosts

h1 
h2 
h3 
r1 

*** Done

*** Creating network

*** Adding controller

*** Adding hosts:

h1 
h2 
h3 
r1 

*** Adding switches:

s1 

*** Adding links:

(h1, s1) 
(h2, s1) 
(h3, s1) 
(r1, s1) 


*** Configuring hosts

h1 
h2 
h3 
r1 


*** Starting controller

c0 


*** Starting 1 switches

s1 
...


*** Waiting for switches to connect

s1 


*** Starting CLI:


Interrupt



*** Stopping 1 controllers

c0 


*** Stopping 4 links

.
.
.
.


*** Stopping 1 switches

s1 


*** Stopping 4 hosts

h1 
h2 
h3 
r1 

*** Done

*** Creating network

*** Adding controller

*** Adding hosts:

h1 
h2 
h3 
r1 

*** Adding switches:

s1 

*** Adding links:

(h1, s1) 
(h2, s1) 
(h3, s1) 
(r1, s1) 


*** Configuring hosts

h1 
h2 
h3 
r1 


*** Starting controller

c0 


*** Starting 1 switches

s1 
...


*** Waiting for switches to connect

s1 


*** Starting CLI:


Interrupt



*** Stopping 1 controllers

c0 


*** Stopping 4 links

.
.
.
.


*** Stopping 1 switches

s1 


*** Stopping 4 hosts

h1 
h2 
h3 
r1 

*** Done

