*** Adding default controllers

*** Adding controllers

*** Add switches

*** Add routers

*** Add hosts

*** Add links

*** Starting network

*** Configuring hosts

h1 
h2 
h3 
h4 


*** Starting controllers

*** Starting switches

*** Post configure switches and hosts

TOPOLOGY LINKS
h1-eth0 <-> s1-eth1 (h1 s1)
h2-eth0 <-> s1-eth2 (h2 s1)
h3-eth0 <-> s1-eth3 (h3 s1)
h4-eth0 <-> s1-eth4 (h4 s1)
*** Starting controller

default_controller 


*** Starting 1 switches

s1 
...


*** Starting CLI:


COMMAND: h1 ping h2

PING 10.0.0.2 (10.0.0.2) 56(84) bytes of data.

64 bytes from 10.0.0.2: icmp_seq=1 ttl=64 time=5.50 ms

64 bytes from 10.0.0.2: icmp_seq=2 ttl=64 time=1.35 ms

64 bytes from 10.0.0.2: icmp_seq=3 ttl=64 time=0.197 ms

64 bytes from 10.0.0.2: icmp_seq=4 ttl=64 time=0.122 ms


--- 10.0.0.2 ping statistics ---
4 packets transmitted, 4 received, 0% packet loss, time 3031ms
rtt min/avg/max/mdev = 0.122/1.792/5.503/2.196 ms



COMMAND: exit

*** Unknown command: 

*** Stopping 1 controllers

default_controller 


*** Stopping 4 links

.
.
.
.


*** Stopping 1 switches

s1 


*** Stopping 4 hosts

h1 
h2 
h3 
h4 

*** Done


COMMAND: h1 ifconfig -a


COMMAND: h2 ifconfig -a


COMMAND: h1 ping h2

