*** Creating network

*** Adding hosts:

d1 
d2 
d3 
d4 
d5 
d6 

*** Adding switches:

s1 

*** Adding links:

(d1, s1) 
(d2, s1) 
(d3, s1) 
(d4, s1) 
(d5, s1) 
(d6, s1) 


*** Configuring hosts

d1 
d2 
d3 
d4 
d5 
d6 


*** Starting controller



*** Starting 1 switches

s1 
...


*** Starting CLI:

PING 192.168.0.2 (192.168.0.2) 56(84) bytes of data.

64 bytes from 192.168.0.2: icmp_seq=1 ttl=64 time=6.16 ms

64 bytes from 192.168.0.2: icmp_seq=2 ttl=64 time=1.37 ms

64 bytes from 192.168.0.2: icmp_seq=3 ttl=64 time=0.058 ms

64 bytes from 192.168.0.2: icmp_seq=4 ttl=64 time=0.088 ms

64 bytes from 192.168.0.2: icmp_seq=5 ttl=64 time=0.071 ms

64 bytes from 192.168.0.2: icmp_seq=6 ttl=64 time=0.263 ms


--- 192.168.0.2 ping statistics ---
6 packets transmitted, 6 received, 0% packet loss, time 5075ms
rtt min/avg/max/mdev = 0.058/1.334/6.157/2.205 ms


*** Stopping 0 controllers



*** Stopping 6 links

.
.
.
.
.
.


*** Stopping 1 switches

s1 


*** Stopping 6 hosts

d1 
d2 
d3 
d4 
d5 
d6 

*** Done

