(10.00Mbit 2ms delay 2.00000% loss) 
(10.00Mbit 2ms delay 2.00000% loss) 
(10.00Mbit 2ms delay 2.00000% loss) 
(10.00Mbit 2ms delay 2.00000% loss) 
(100.00Mbit 2ms delay 2.00000% loss) 
(100.00Mbit 2ms delay 2.00000% loss) 
(100.00Mbit 2ms delay 2.00000% loss) 
(100.00Mbit 2ms delay 2.00000% loss) 
(10.00Mbit 2ms delay 2.00000% loss) 
(10.00Mbit 2ms delay 2.00000% loss) 
(10.00Mbit 2ms delay 2.00000% loss) 
(10.00Mbit 2ms delay 2.00000% loss) 
*** Configuring hosts

h1 
h2 
h3 
h4 


*** Starting controllers

*** Starting controller

default_controller 


*** Starting 3 switches

s1 
(10.00Mbit 2ms delay 2.00000% loss) 
(10.00Mbit 2ms delay 2.00000% loss) 
(100.00Mbit 2ms delay 2.00000% loss) 
s2 
(100.00Mbit 2ms delay 2.00000% loss) 
(100.00Mbit 2ms delay 2.00000% loss) 
s3 
(100.00Mbit 2ms delay 2.00000% loss) 
(10.00Mbit 2ms delay 2.00000% loss) 
(10.00Mbit 2ms delay 2.00000% loss) 
...
(10.00Mbit 2ms delay 2.00000% loss) 
(10.00Mbit 2ms delay 2.00000% loss) 
(100.00Mbit 2ms delay 2.00000% loss) 
(100.00Mbit 2ms delay 2.00000% loss) 
(100.00Mbit 2ms delay 2.00000% loss) 
(100.00Mbit 2ms delay 2.00000% loss) 
(10.00Mbit 2ms delay 2.00000% loss) 
(10.00Mbit 2ms delay 2.00000% loss) 


*** Starting CLI:


COMMAND: h1 ping h2

ping: h2: Temporary failure in name resolution



COMMAND: exit

*** Unknown command: 

*** Stopping 1 controllers

default_controller 


*** Stopping 6 links

.
.
.
.
.
.


*** Stopping 3 switches

s1 
s2 
s3 


*** Stopping 4 hosts

h1 
h2 
h3 
h4 

*** Done


COMMAND: h1 ping h2


COMMAND: s2


COMMAND: h1 ping h2


COMMAND: exit

