*** Adding controllers

*** Add switches

*** Add routers

*** Add hosts

*** Add links

*** Starting network

*** Configuring hosts

r1 
r2 
h1 
h2 
h3 


*** Starting controllers

*** Starting switches

*** Post configure switches and hosts

TOPOLOGY LINKS
h1-eth0 <-> s1-eth1 (h1 s1)
h2-eth0 <-> s1-eth2 (h2 s1)
h3-eth0 <-> s1-eth3 (h3 s1)
r1-eth0 <-> s1-eth4 (r1 s1)
r2-eth0 <-> s1-eth5 (r2 s1)
*** Starting CLI:


COMMAND: exit

*** Stopping 2 controllers

c1 
c2 


*** Stopping 5 links

.
.
.
.
.


*** Stopping 1 switches

s1 


*** Stopping 5 hosts

r1 
r2 
h1 
h2 
h3 

*** Done

The CSRF token is missing.
